-------------------------------------------------------------------------------
Test set: com.hogwarts.testcase.AssertTest
-------------------------------------------------------------------------------
Tests run: 2, Failures: 1, Errors: 0, Skipped: 0, Time elapsed: 18.326 s <<< FAILURE! - in com.hogwarts.testcase.AssertTest
assertTest  Time elapsed: 0.011 s  <<< FAILURE!
org.opentest4j.AssertionFailedError: expected: <1> but was: <2>
	at com.hogwarts.testcase.AssertTest.assertTest(AssertTest.java:20)

