{"name":"classic(UIAuto)","status":"broken","statusDetails":{"known":false,"muted":false,"flaky":false,"message":"The display name pattern defined for the parameterized test is invalid. See nested exception for further details.","trace":"org.junit.platform.commons.JUnitException: The display name pattern defined for the parameterized test is invalid. See nested exception for further details.\n\tat org.junit.jupiter.params.ParameterizedTestNameFormatter.format(ParameterizedTestNameFormatter.java:49)\n\tat org.junit.jupiter.params.ParameterizedTestInvocationContext.getDisplayName(ParameterizedTestInvocationContext.java:38)\n\tat org.junit.jupiter.engine.descriptor.TestTemplateInvocationTestDescriptor.<init>(TestTemplateInvocationTestDescriptor.java:48)\n\tat org.junit.jupiter.engine.descriptor.TestTemplateTestDescriptor.createInvocationTestDescriptor(TestTemplateTestDescriptor.java:130)\n\tat org.junit.jupiter.engine.descriptor.TestTemplateTestDescriptor.lambda$execute$1(TestTemplateTestDescriptor.java:103)\n\tat java.base/java.util.stream.ReferencePipeline$3$1.accept(ReferencePipeline.java:195)\n\tat java.base/java.util.stream.ForEachOps$ForEachOp$OfRef.accept(ForEachOps.java:183)\n\tat java.base/java.util.stream.ReferencePipeline$11$1.accept(ReferencePipeline.java:442)\n\tat java.base/java.util.stream.ReferencePipeline$3$1.accept(ReferencePipeline.java:195)\n\tat java.base/java.util.stream.ReferencePipeline$3$1.accept(ReferencePipeline.java:195)\n\tat java.base/java.util.stream.ReferencePipeline$3$1.accept(ReferencePipeline.java:195)\n\tat java.base/java.util.stream.ForEachOps$ForEachOp$OfRef.accept(ForEachOps.java:183)\n\tat java.base/java.util.stream.ReferencePipeline$3$1.accept(ReferencePipeline.java:195)\n\tat java.base/java.util.ArrayList$ArrayListSpliterator.forEachRemaining(ArrayList.java:1624)\n\tat java.base/java.util.stream.ReferencePipeline$Head.forEach(ReferencePipeline.java:658)\n\tat java.base/java.util.stream.ReferencePipeline$7$1.accept(ReferencePipeline.java:274)\n\tat java.base/java.util.stream.ReferencePipeline$3$1.accept(ReferencePipeline.java:195)\n\tat java.base/java.util.stream.ReferencePipeline$3$1.accept(ReferencePipeline.java:195)\n\tat java.base/java.util.Spliterators$ArraySpliterator.forEachRemaining(Spliterators.java:948)\n\tat java.base/java.util.stream.AbstractPipeline.copyInto(AbstractPipeline.java:484)\n\tat java.base/java.util.stream.AbstractPipeline.wrapAndCopyInto(AbstractPipeline.java:474)\n\tat java.base/java.util.stream.ForEachOps$ForEachOp.evaluateSequential(ForEachOps.java:150)\n\tat java.base/java.util.stream.ForEachOps$ForEachOp$OfRef.evaluateSequential(ForEachOps.java:173)\n\tat java.base/java.util.stream.AbstractPipeline.evaluate(AbstractPipeline.java:234)\n\tat java.base/java.util.stream.ReferencePipeline.forEach(ReferencePipeline.java:497)\n\tat java.base/java.util.stream.ReferencePipeline$7$1.accept(ReferencePipeline.java:274)\n\tat java.base/java.util.stream.ReferencePipeline$3$1.accept(ReferencePipeline.java:195)\n\tat java.base/java.util.stream.ReferencePipeline$3$1.accept(ReferencePipeline.java:195)\n\tat java.base/java.util.stream.ReferencePipeline$3$1.accept(ReferencePipeline.java:195)\n\tat java.base/java.util.ArrayList$ArrayListSpliterator.forEachRemaining(ArrayList.java:1624)\n\tat java.base/java.util.stream.AbstractPipeline.copyInto(AbstractPipeline.java:484)\n\tat java.base/java.util.stream.AbstractPipeline.wrapAndCopyInto(AbstractPipeline.java:474)\n\tat java.base/java.util.stream.ForEachOps$ForEachOp.evaluateSequential(ForEachOps.java:150)\n\tat java.base/java.util.stream.ForEachOps$ForEachOp$OfRef.evaluateSequential(ForEachOps.java:173)\n\tat java.base/java.util.stream.AbstractPipeline.evaluate(AbstractPipeline.java:234)\n\tat java.base/java.util.stream.ReferencePipeline.forEach(ReferencePipeline.java:497)\n\tat java.base/java.util.stream.ReferencePipeline$7$1.accept(ReferencePipeline.java:274)\n\tat java.base/java.util.ArrayList$ArrayListSpliterator.forEachRemaining(ArrayList.java:1624)\n\tat java.base/java.util.stream.AbstractPipeline.copyInto(AbstractPipeline.java:484)\n\tat java.base/java.util.stream.AbstractPipeline.wrapAndCopyInto(AbstractPipeline.java:474)\n\tat java.base/java.util.stream.ForEachOps$ForEachOp.evaluateSequential(ForEachOps.java:150)\n\tat java.base/java.util.stream.ForEachOps$ForEachOp$OfRef.evaluateSequential(ForEachOps.java:173)\n\tat java.base/java.util.stream.AbstractPipeline.evaluate(AbstractPipeline.java:234)\n\tat java.base/java.util.stream.ReferencePipeline.forEach(ReferencePipeline.java:497)\n\tat org.junit.jupiter.engine.descriptor.TestTemplateTestDescriptor.execute(TestTemplateTestDescriptor.java:106)\n\tat org.junit.jupiter.engine.descriptor.TestTemplateTestDescriptor.execute(TestTemplateTestDescriptor.java:41)\n\tat org.junit.platform.engine.support.hierarchical.NodeTestTask.lambda$executeRecursively$5(NodeTestTask.java:135)\n\tat org.junit.platform.engine.support.hierarchical.ThrowableCollector.execute(ThrowableCollector.java:73)\n\tat org.junit.platform.engine.support.hierarchical.NodeTestTask.lambda$executeRecursively$7(NodeTestTask.java:125)\n\tat org.junit.platform.engine.support.hierarchical.Node.around(Node.java:135)\n\tat org.junit.platform.engine.support.hierarchical.NodeTestTask.lambda$executeRecursively$8(NodeTestTask.java:123)\n\tat org.junit.platform.engine.support.hierarchical.ThrowableCollector.execute(ThrowableCollector.java:73)\n\tat org.junit.platform.engine.support.hierarchical.NodeTestTask.executeRecursively(NodeTestTask.java:122)\n\tat org.junit.platform.engine.support.hierarchical.NodeTestTask.execute(NodeTestTask.java:80)\n\tat java.base/java.util.ArrayList.forEach(ArrayList.java:1510)\n\tat org.junit.platform.engine.support.hierarchical.SameThreadHierarchicalTestExecutorService.invokeAll(SameThreadHierarchicalTestExecutorService.java:38)\n\tat org.junit.platform.engine.support.hierarchical.NodeTestTask.lambda$executeRecursively$5(NodeTestTask.java:139)\n\tat org.junit.platform.engine.support.hierarchical.ThrowableCollector.execute(ThrowableCollector.java:73)\n\tat org.junit.platform.engine.support.hierarchical.NodeTestTask.lambda$executeRecursively$7(NodeTestTask.java:125)\n\tat org.junit.platform.engine.support.hierarchical.Node.around(Node.java:135)\n\tat org.junit.platform.engine.support.hierarchical.NodeTestTask.lambda$executeRecursively$8(NodeTestTask.java:123)\n\tat org.junit.platform.engine.support.hierarchical.ThrowableCollector.execute(ThrowableCollector.java:73)\n\tat org.junit.platform.engine.support.hierarchical.NodeTestTask.executeRecursively(NodeTestTask.java:122)\n\tat org.junit.platform.engine.support.hierarchical.NodeTestTask.execute(NodeTestTask.java:80)\n\tat java.base/java.util.ArrayList.forEach(ArrayList.java:1510)\n\tat org.junit.platform.engine.support.hierarchical.SameThreadHierarchicalTestExecutorService.invokeAll(SameThreadHierarchicalTestExecutorService.java:38)\n\tat org.junit.platform.engine.support.hierarchical.NodeTestTask.lambda$executeRecursively$5(NodeTestTask.java:139)\n\tat org.junit.platform.engine.support.hierarchical.ThrowableCollector.execute(ThrowableCollector.java:73)\n\tat org.junit.platform.engine.support.hierarchical.NodeTestTask.lambda$executeRecursively$7(NodeTestTask.java:125)\n\tat org.junit.platform.engine.support.hierarchical.Node.around(Node.java:135)\n\tat org.junit.platform.engine.support.hierarchical.NodeTestTask.lambda$executeRecursively$8(NodeTestTask.java:123)\n\tat org.junit.platform.engine.support.hierarchical.ThrowableCollector.execute(ThrowableCollector.java:73)\n\tat org.junit.platform.engine.support.hierarchical.NodeTestTask.executeRecursively(NodeTestTask.java:122)\n\tat org.junit.platform.engine.support.hierarchical.NodeTestTask.execute(NodeTestTask.java:80)\n\tat org.junit.platform.engine.support.hierarchical.SameThreadHierarchicalTestExecutorService.submit(SameThreadHierarchicalTestExecutorService.java:32)\n\tat org.junit.platform.engine.support.hierarchical.HierarchicalTestExecutor.execute(HierarchicalTestExecutor.java:57)\n\tat org.junit.platform.engine.support.hierarchical.HierarchicalTestEngine.execute(HierarchicalTestEngine.java:51)\n\tat org.junit.platform.launcher.core.DefaultLauncher.execute(DefaultLauncher.java:248)\n\tat org.junit.platform.launcher.core.DefaultLauncher.lambda$execute$5(DefaultLauncher.java:211)\n\tat org.junit.platform.launcher.core.DefaultLauncher.withInterceptedStreams(DefaultLauncher.java:226)\n\tat org.junit.platform.launcher.core.DefaultLauncher.execute(DefaultLauncher.java:199)\n\tat org.junit.platform.launcher.core.DefaultLauncher.execute(DefaultLauncher.java:132)\n\tat com.intellij.junit5.JUnit5IdeaTestRunner.startRunnerWithArgs(JUnit5IdeaTestRunner.java:69)\n\tat com.intellij.rt.junit.IdeaTestRunner$Repeater.startRunnerWithArgs(IdeaTestRunner.java:33)\n\tat com.intellij.rt.junit.JUnitStarter.prepareStreamsAndStart(JUnitStarter.java:230)\n\tat com.intellij.rt.junit.JUnitStarter.main(JUnitStarter.java:58)\nCaused by: java.lang.IllegalArgumentException: can't parse argument number: uiAuto\n\tat java.base/java.text.MessageFormat.makeFormat(MessageFormat.java:1454)\n\tat java.base/java.text.MessageFormat.applyPattern(MessageFormat.java:492)\n\tat java.base/java.text.MessageFormat.<init>(MessageFormat.java:371)\n\tat org.junit.jupiter.params.ParameterizedTestNameFormatter.formatSafely(ParameterizedTestNameFormatter.java:55)\n\tat org.junit.jupiter.params.ParameterizedTestNameFormatter.format(ParameterizedTestNameFormatter.java:44)\n\t... 85 more\nCaused by: java.lang.NumberFormatException: For input string: \"uiAuto\"\n\tat java.base/java.lang.NumberFormatException.forInputString(NumberFormatException.java:68)\n\tat java.base/java.lang.Integer.parseInt(Integer.java:652)\n\tat java.base/java.lang.Integer.parseInt(Integer.java:770)\n\tat java.base/java.text.MessageFormat.makeFormat(MessageFormat.java:1452)\n\t... 89 more\n"},"stage":"finished","description":"","steps":[],"attachments":[],"parameters":[],"start":1596443446960,"stop":1596443446961,"uuid":"7a349f90-9181-43ef-8dd3-a62a5a4c93c1","historyId":"c79601ed4b2806a444ec0a39355094f4","fullName":"test_framework.WebTest.classic","labels":[{"name":"host","value":"JanelyhuangdeMacBook-Pro.local"},{"name":"thread","value":"22040@JanelyhuangdeMacBook-Pro.local.main(1)"},{"name":"framework","value":"junit-platform"},{"name":"language","value":"java"},{"name":"package","value":"test_framework.WebTest"},{"name":"testClass","value":"test_framework.WebTest"},{"name":"testMethod","value":"classic"},{"name":"suite","value":"test_framework.WebTest"}],"links":[]}